<?xml version="1.0" encoding="UTF-8"?>
<!-- Generated by org.testng.reporters.JUnitReportReporter -->
<testsuite hostname="RSIPLM2" failures="0" tests="12" name="Testcases.AllTestCases" time="145.089" errors="0" timestamp="2025-07-15T19:25:23 IST" skipped="0">
  <testcase classname="Testcases.AllTestCases" name="setTrains" time="34.178"/>
  <testcase classname="Testcases.AllTestCases" name="searchPlace" time="15.614"/>
  <testcase classname="Testcases.AllTestCases" name="toPlace" time="3.334"/>
  <testcase classname="Testcases.AllTestCases" name="selectDepartureDate" time="13.444"/>
  <testcase classname="Testcases.AllTestCases" name="setClass" time="1.181"/>
  <testcase classname="Testcases.AllTestCases" name="search" time="18.671"/>
  <testcase classname="Testcases.AllTestCases" name="chooseSort" time="1.153"/>
  <testcase classname="Testcases.AllTestCases" name="setFilter" time="3.373"/>
  <testcase classname="Testcases.AllTestCases" name="selectTrain" time="15.618"/>
  <testcase classname="Testcases.AllTestCases" name="takePicture" time="0.200"/>
  <testcase classname="Testcases.AllTestCases" name="setTravellerdeatils" time="3.461"/>
  <testcase classname="Testcases.AllTestCases" name="setIRCTCName" time="34.862"/>
</testsuite> <!-- Testcases.AllTestCases -->
