<?xml version="1.0" encoding="UTF-8"?>
<!-- Generated by org.testng.reporters.JUnitReportReporter -->
<testsuite hostname="RSIPLM2" failures="0" tests="3" name="Testcases.SearchTestCase" time="43.112" errors="0" timestamp="2025-07-14T17:48:23 IST" skipped="0">
  <testcase classname="Testcases.SearchTestCase" name="searchPlace" time="18.357"/>
  <testcase classname="Testcases.SearchTestCase" name="search" time="21.316"/>
  <testcase classname="Testcases.SearchTestCase" name="toPlace" time="3.439"/>
</testsuite> <!-- Testcases.SearchTestCase -->
