<?xml version="1.0" encoding="UTF-8"?>
<!-- Generated by org.testng.reporters.JUnitReportReporter -->
<testsuite hostname="RSIPLM2" failures="0" tests="1" name="TestRunner.TestRunner" time="0.906" errors="0" timestamp="2025-07-18T09:55:42 IST" skipped="0">
  <testcase classname="TestRunner.TestRunner" name="runScenario" time="0.906"/>
</testsuite> <!-- TestRunner.TestRunner -->
