<?xml version="1.0" encoding="UTF-8"?>
<!-- Generated by org.testng.reporters.JUnitReportReporter -->
<testsuite hostname="RSIPLM2" failures="0" tests="1" name="Testcases.Saucelabs_example" time="14.182" errors="0" timestamp="2025-08-11T12:49:19 IST" skipped="0">
  <testcase classname="Testcases.Saucelabs_example" name="runOnSauceLabs" time="14.182"/>
</testsuite> <!-- Testcases.Saucelabs_example -->
