<?xml version="1.0" encoding="UTF-8"?>
<!-- Generated by org.testng.reporters.JUnitReportReporter -->
<testsuite hostname="RSIPLM2" failures="0" tests="1" name="TestRunner.TestRunner2" time="161.624" errors="0" timestamp="2025-08-12T13:46:29 IST" skipped="0">
  <testcase classname="TestRunner.TestRunner2" name="runScenario" time="161.624"/>
</testsuite> <!-- TestRunner.TestRunner2 -->
