<?xml version="1.0" encoding="UTF-8"?>
<!-- Generated by org.testng.reporters.JUnitReportReporter -->
<testsuite hostname="RSIPLM2" failures="0" tests="6" name="Testcases.ResultTestCase" time="110.310" errors="0" timestamp="2025-07-11T11:03:11 IST" skipped="0">
  <testcase classname="Testcases.ResultTestCase" name="setTrains" time="54.203"/>
  <system-out/>
  <testcase classname="Testcases.ResultTestCase" name="searchPlace" time="19.359"/>
  <system-out/>
  <testcase classname="Testcases.ResultTestCase" name="toPlace" time="3.399"/>
  <system-out/>
  <testcase classname="Testcases.ResultTestCase" name="selectDepartureDate" time="13.365"/>
  <system-out/>
  <testcase classname="Testcases.ResultTestCase" name="setClass" time="1.159"/>
  <system-out/>
  <testcase classname="Testcases.ResultTestCase" name="search" time="18.825"/>
  <system-out/>
</testsuite> <!-- Testcases.ResultTestCase -->
