<?xml version="1.0" encoding="UTF-8"?>
<!-- Generated by org.testng.reporters.JUnitReportReporter -->
<testsuite hostname="RSIPLM2" failures="0" tests="1" name="TestRunner.TestRunner" time="0.660" errors="0" timestamp="2025-08-12T13:27:22 IST" skipped="0">
  <testcase classname="TestRunner.TestRunner" name="runScenario" time="0.660"/>
</testsuite> <!-- TestRunner.TestRunner -->
